<?xml version="1.0" encoding="UTF-8"?>
<testng-results ignored="0" total="2" passed="2" failed="0" skipped="0">
  <reporter-output>
    <line>
      <![CDATA[Setting up reports and Test is getting ready]]>
    </line>
    <line>
      <![CDATA[Setting Down - Test Can be started]]>
    </line>
    <line>
      <![CDATA[Tring to start Browser and Getting application ready]]>
    </line>
    <line>
      <![CDATA[Broswer and application is up and runing]]>
    </line>
    <line>
      <![CDATA[Test is about to end]]>
    </line>
    <line>
      <![CDATA[Test Completed >>> Reports Genrated]]>
    </line>
    <line>
      <![CDATA[Test is about to end]]>
    </line>
    <line>
      <![CDATA[Test Completed >>> Reports Genrated]]>
    </line>
    <line>
      <![CDATA[Test is about to end]]>
    </line>
  </reporter-output>
  <suite started-at="2022-03-28T17:51:25 GMT+05:30" name="Default suite" finished-at="2022-03-28T17:51:35 GMT+05:30" duration-ms="9244">
    <groups>
    </groups>
    <test started-at="2022-03-28T17:51:25 GMT+05:30" name="Default test" finished-at="2022-03-28T17:51:35 GMT+05:30" duration-ms="9244">
      <class name="com.learnautomation.testcases.LoginTestCRM">
        <test-method is-config="true" signature="setUpSuite()[pri:0, instance:com.learnautomation.testcases.LoginTestCRM@729d991e]" started-at="2022-03-28T17:51:25 GMT+05:30" name="setUpSuite" finished-at="2022-03-28T17:51:25 GMT+05:30" duration-ms="642" status="PASS">
          <reporter-output>
            <line>
              <![CDATA[Setting up reports and Test is getting ready]]>
            </line>
            <line>
              <![CDATA[Setting Down - Test Can be started]]>
            </line>
          </reporter-output>
        </test-method> <!-- setUpSuite -->
        <test-method is-config="true" signature="setup()[pri:0, instance:com.learnautomation.testcases.LoginTestCRM@729d991e]" started-at="2022-03-28T17:51:25 GMT+05:30" name="setup" finished-at="2022-03-28T17:51:31 GMT+05:30" duration-ms="5363" status="PASS">
          <reporter-output>
            <line>
              <![CDATA[Tring to start Browser and Getting application ready]]>
            </line>
            <line>
              <![CDATA[Broswer and application is up and runing]]>
            </line>
          </reporter-output>
        </test-method> <!-- setup -->
        <test-method signature="loginApp()[pri:1, instance:com.learnautomation.testcases.LoginTestCRM@729d991e]" started-at="2022-03-28T17:51:31 GMT+05:30" name="loginApp" finished-at="2022-03-28T17:51:33 GMT+05:30" duration-ms="2370" status="PASS">
          <reporter-output>
          </reporter-output>
        </test-method> <!-- loginApp -->
        <test-method is-config="true" signature="tearDownMethod(org.testng.ITestResult)[pri:0, instance:com.learnautomation.testcases.LoginTestCRM@729d991e]" started-at="2022-03-28T17:51:33 GMT+05:30" name="tearDownMethod" finished-at="2022-03-28T17:51:34 GMT+05:30" duration-ms="552" status="PASS">
          <params>
            <param index="0">
              <value>
                <![CDATA[[TestResult name=loginApp status=SUCCESS method=LoginTestCRM.loginApp()[pri:1, instance:com.learnautomation.testcases.LoginTestCRM@729d991e] output={null}]]]>
              </value>
            </param>
          </params>
          <reporter-output>
            <line>
              <![CDATA[Test is about to end]]>
            </line>
            <line>
              <![CDATA[Test Completed >>> Reports Genrated]]>
            </line>
          </reporter-output>
        </test-method> <!-- tearDownMethod -->
        <test-method signature="logOut()[pri:2, instance:com.learnautomation.testcases.LoginTestCRM@729d991e]" started-at="2022-03-28T17:51:34 GMT+05:30" name="logOut" finished-at="2022-03-28T17:51:34 GMT+05:30" duration-ms="1" status="PASS">
          <reporter-output>
          </reporter-output>
        </test-method> <!-- logOut -->
        <test-method is-config="true" signature="tearDownMethod(org.testng.ITestResult)[pri:0, instance:com.learnautomation.testcases.LoginTestCRM@729d991e]" started-at="2022-03-28T17:51:34 GMT+05:30" name="tearDownMethod" finished-at="2022-03-28T17:51:34 GMT+05:30" duration-ms="340" status="PASS">
          <params>
            <param index="0">
              <value>
                <![CDATA[[TestResult name=logOut status=SUCCESS method=LoginTestCRM.logOut()[pri:2, instance:com.learnautomation.testcases.LoginTestCRM@729d991e] output={null}]]]>
              </value>
            </param>
          </params>
          <reporter-output>
            <line>
              <![CDATA[Test is about to end]]>
            </line>
            <line>
              <![CDATA[Test Completed >>> Reports Genrated]]>
            </line>
          </reporter-output>
        </test-method> <!-- tearDownMethod -->
        <test-method is-config="true" signature="tearDown()[pri:0, instance:com.learnautomation.testcases.LoginTestCRM@729d991e]" started-at="2022-03-28T17:51:34 GMT+05:30" name="tearDown" finished-at="2022-03-28T17:51:35 GMT+05:30" duration-ms="580" status="PASS">
          <reporter-output>
            <line>
              <![CDATA[Test is about to end]]>
            </line>
          </reporter-output>
        </test-method> <!-- tearDown -->
      </class> <!-- com.learnautomation.testcases.LoginTestCRM -->
    </test> <!-- Default test -->
  </suite> <!-- Default suite -->
</testng-results>
